<?xml version="1.0" encoding="UTF-8"?>
<!-- Generated by org.testng.reporters.JUnitReportReporter -->
<testsuite hostname="LAPTOP-SD3H4COP" failures="0" tests="1" name="day4.ParsingJSONResponse" time="2.376" errors="0" timestamp="2023-06-24T15:16:23 IST" skipped="0">
  <testcase classname="day4.ParsingJSONResponse" name="json_validation" time="2.376"/>
</testsuite> <!-- day4.ParsingJSONResponse -->
