<?xml version="1.0" encoding="UTF-8"?>
<!-- Generated by org.testng.reporters.JUnitReportReporter -->
<testsuite hostname="LAPTOP-SD3H4COP" failures="0" tests="2" name="day5_1.Multifile_upload" time="2.807" errors="0" timestamp="2023-06-27T17:41:30 IST" skipped="0">
  <testcase classname="day5_1.Multifile_upload" name="multi_file" time="2.772"/>
  <testcase classname="day5_1.Multifile_upload" name="download" time="0.035"/>
</testsuite> <!-- day5_1.Multifile_upload -->
