<?xml version="1.0" encoding="UTF-8"?>
<!-- Generated by org.testng.reporters.JUnitReportReporter -->
<testsuite hostname="LAPTOP-SD3H4COP" failures="0" tests="2" name="day2_2.Second_day" time="2.464" errors="0" timestamp="2023-07-26T13:58:41 IST" skipped="0">
  <testcase classname="day2_2.Second_day" name="createdata" time="2.300"/>
  <testcase classname="day2_2.Second_day" name="delete" time="0.164"/>
</testsuite> <!-- day2_2.Second_day -->
