<?xml version="1.0" encoding="UTF-8"?>
<!-- Generated by org.testng.reporters.JUnitReportReporter -->
<testsuite hostname="LAPTOP-SD3H4COP" failures="0" tests="1" name="day5.XMLpath_class" time="2.499" errors="0" timestamp="2023-06-27T15:19:50 IST" skipped="0">
  <testcase classname="day5.XMLpath_class" name="xmlpath_class" time="2.499"/>
</testsuite> <!-- day5.XMLpath_class -->
