<?xml version="1.0" encoding="UTF-8"?>
<!-- Generated by org.testng.reporters.JUnitReportReporter -->
<testsuite hostname="LAPTOP-SD3H4COP" failures="0" tests="1" name="day7_1.Basic_Auth" time="2.225" errors="0" timestamp="2023-08-03T18:25:23 IST" skipped="0">
  <testcase classname="day7_1.Basic_Auth" name="oauth2Token" time="2.225"/>
</testsuite> <!-- day7_1.Basic_Auth -->
