<?xml version="1.0" encoding="UTF-8"?>
<!-- Generated by org.testng.reporters.JUnitReportReporter -->
<testsuite hostname="LAPTOP-SD3H4COP" failures="0" tests="2" name="day2.Post_jsonMethod" time="1.439" errors="0" timestamp="2023-06-23T16:20:44 IST" skipped="0">
  <testcase classname="day2.Post_jsonMethod" name="jsonLibrary" time="1.384"/>
  <testcase classname="day2.Post_jsonMethod" name="deleteRequest" time="0.055"/>
</testsuite> <!-- day2.Post_jsonMethod -->
