<?xml version="1.0" encoding="UTF-8"?>
<!-- Generated by org.testng.reporters.JUnitReportReporter -->
<testsuite hostname="LAPTOP-SD3H4COP" failures="0" tests="1" name="day3.Header_info_capture" time="3.941" errors="0" timestamp="2023-06-24T13:03:07 IST" skipped="0">
  <testcase classname="day3.Header_info_capture" name="cookieinfo" time="3.941"/>
</testsuite> <!-- day3.Header_info_capture -->
