<?xml version="1.0" encoding="UTF-8"?>
<!-- Generated by org.testng.reporters.JUnitReportReporter -->
<testsuite hostname="LAPTOP-SD3H4COP" failures="0" tests="1" name="day3.cookie_info_capture" time="2.947" errors="0" timestamp="2023-06-24T12:50:25 IST" skipped="0">
  <testcase classname="day3.cookie_info_capture" name="cookieinfo" time="2.947"/>
</testsuite> <!-- day3.cookie_info_capture -->
