<?xml version="1.0" encoding="UTF-8"?>
<!-- Generated by org.testng.reporters.JUnitReportReporter -->
<testsuite hostname="LAPTOP-SD3H4COP" failures="0" tests="4" name="day1.NewTestCase" time="4.430" errors="0" timestamp="2023-07-26T12:04:12 IST" skipped="0">
  <testcase classname="day1.NewTestCase" name="getUsers" time="1.428"/>
  <testcase classname="day1.NewTestCase" name="createuser" time="1.422"/>
  <testcase classname="day1.NewTestCase" name="update" time="0.939"/>
  <testcase classname="day1.NewTestCase" name="deleteuser" time="0.641"/>
</testsuite> <!-- day1.NewTestCase -->
