<?xml version="1.0" encoding="UTF-8"?>
<!-- Generated by org.testng.reporters.JUnitReportReporter -->
<testsuite hostname="LAPTOP-SD3H4COP" failures="0" tests="1" name="day8_1.Chaining" time="1.827" errors="0" timestamp="2023-08-07T12:31:23 IST" skipped="0">
  <testcase classname="day8_1.Chaining" name="chaingin" time="1.827"/>
</testsuite> <!-- day8_1.Chaining -->
