<?xml version="1.0" encoding="UTF-8"?>
<!-- Generated by org.testng.reporters.JUnitReportReporter -->
<testsuite hostname="LAPTOP-SD3H4COP" failures="0" tests="1" name="day6_1.JsonSchemaValidatior" time="1.392" errors="0" timestamp="2023-08-03T13:26:24 IST" skipped="0">
  <testcase classname="day6_1.JsonSchemaValidatior" name="validator" time="1.392"/>
</testsuite> <!-- day6_1.JsonSchemaValidatior -->
