<?xml version="1.0" encoding="UTF-8"?>
<!-- Generated by org.testng.reporters.JUnitReportReporter -->
<testsuite hostname="LAPTOP-SD3H4COP" failures="0" tests="1" name="day6.Serelization" time="0.184" errors="0" timestamp="2023-06-28T14:15:21 IST" skipped="0">
  <testcase classname="day6.Serelization" name="JSON_Java" time="0.184"/>
</testsuite> <!-- day6.Serelization -->
