<?xml version="1.0" encoding="UTF-8"?>
<!-- Generated by org.testng.reporters.JUnitReportReporter -->
<testsuite hostname="LAPTOP-SD3H4COP" failures="0" tests="1" name="day3_3.Cookie_infoAndHeaderInfo" time="3.115" errors="0" timestamp="2023-07-26T15:32:01 IST" skipped="0">
  <testcase classname="day3_3.Cookie_infoAndHeaderInfo" name="cookie" time="3.115"/>
</testsuite> <!-- day3_3.Cookie_infoAndHeaderInfo -->
