<?xml version="1.0" encoding="UTF-8"?>
<!-- Generated by org.testng.reporters.JUnitReportReporter -->
<testsuite hostname="LAPTOP-SD3H4COP" failures="0" tests="4" name="day7.Authentications" time="10.249" errors="0" timestamp="2023-06-28T15:24:55 IST" skipped="0">
  <testcase classname="day7.Authentications" name="Authentication_Basic" time="5.656"/>
  <testcase classname="day7.Authentications" name="Authentication_Digest" time="2.620"/>
  <testcase classname="day7.Authentications" name="Authentication_Preemptive" time="1.258"/>
  <testcase classname="day7.Authentications" name="Authentication_Bearer" time="0.715"/>
</testsuite> <!-- day7.Authentications -->
