<?xml version="1.0" encoding="UTF-8"?>
<!-- Generated by org.testng.reporters.JUnitReportReporter -->
<testsuite hostname="LAPTOP-SD3H4COP" failures="0" tests="1" name="day6_1.XMLSchemavalidator" time="2.031" errors="0" timestamp="2023-08-03T13:39:12 IST" skipped="0">
  <testcase classname="day6_1.XMLSchemavalidator" name="schemaValidator" time="2.031"/>
</testsuite> <!-- day6_1.XMLSchemavalidator -->
