<?xml version="1.0" encoding="UTF-8"?>
<!-- Generated by org.testng.reporters.JUnitReportReporter -->
<testsuite hostname="LAPTOP-SD3H4COP" failures="0" tests="2" name="day2.PostMethod_POJO" time="1.567" errors="0" timestamp="2023-06-23T16:43:03 IST" skipped="0">
  <testcase classname="day2.PostMethod_POJO" name="jsonLibrary" time="1.541"/>
  <testcase classname="day2.PostMethod_POJO" name="deleteRequest" time="0.026"/>
</testsuite> <!-- day2.PostMethod_POJO -->
