<?xml version="1.0" encoding="UTF-8"?>
<!-- Generated by org.testng.reporters.JUnitReportReporter -->
<testsuite hostname="LAPTOP-SD3H4COP" failures="0" tests="1" name="day5_1.Fileupload_download" time="2.461" errors="0" timestamp="2023-06-27T16:13:09 IST" skipped="0">
  <testcase classname="day5_1.Fileupload_download" name="fileupload" time="2.461"/>
</testsuite> <!-- day5_1.Fileupload_download -->
