<?xml version="1.0" encoding="UTF-8"?>
<!-- Generated by org.testng.reporters.JUnitReportReporter -->
<testsuite hostname="LAPTOP-SD3H4COP" failures="0" tests="1" name="day3.capture_header_info" time="2.698" errors="0" timestamp="2023-06-24T13:21:02 IST" skipped="0">
  <testcase classname="day3.capture_header_info" name="headerinfo" time="2.698"/>
</testsuite> <!-- day3.capture_header_info -->
