<?xml version="1.0" encoding="UTF-8"?>
<!-- Generated by org.testng.reporters.JUnitReportReporter -->
<testsuite hostname="LAPTOP-SD3H4COP" failures="0" tests="1" name="day3.Different_logs" time="2.041" errors="0" timestamp="2023-06-24T13:28:21 IST" skipped="0">
  <testcase classname="day3.Different_logs" name="logs" time="2.041"/>
</testsuite> <!-- day3.Different_logs -->
