<?xml version="1.0" encoding="UTF-8"?>
<!-- Generated by org.testng.reporters.JUnitReportReporter -->
<testsuite hostname="LAPTOP-SD3H4COP" failures="0" tests="1" name="day5.XML_validations__assterts" time="2.669" errors="0" timestamp="2023-06-27T14:57:41 IST" skipped="0">
  <testcase classname="day5.XML_validations__assterts" name="xml_validation" time="2.669"/>
</testsuite> <!-- day5.XML_validations__assterts -->
