<?xml version="1.0" encoding="UTF-8"?>
<!-- Generated by org.testng.reporters.JUnitReportReporter -->
<testsuite hostname="LAPTOP-SD3H4COP" failures="0" tests="1" name="day3.Query_path_parameters" time="2.443" errors="0" timestamp="2023-06-24T12:21:14 IST" skipped="0">
  <testcase classname="day3.Query_path_parameters" name="pathandquery" time="2.443"/>
</testsuite> <!-- day3.Query_path_parameters -->
