<?xml version="1.0" encoding="UTF-8"?>
<!-- Generated by org.testng.reporters.JUnitReportReporter -->
<testsuite hostname="LAPTOP-SD3H4COP" failures="0" tests="1" name="day6_1.Serealization" time="2.620" errors="0" timestamp="2023-08-03T16:50:44 IST" skipped="0">
  <testcase classname="day6_1.Serealization" name="serealization" time="2.620"/>
</testsuite> <!-- day6_1.Serealization -->
