<?xml version="1.0" encoding="UTF-8"?>
<!-- Generated by org.testng.reporters.JUnitReportReporter -->
<testsuite hostname="LAPTOP-SD3H4COP" failures="0" tests="2" name="day2.External_Json" time="1.384" errors="0" timestamp="2023-06-23T16:59:50 IST" skipped="0">
  <testcase classname="day2.External_Json" name="jsonLibrary" time="1.349"/>
  <testcase classname="day2.External_Json" name="deleteRequest" time="0.035"/>
</testsuite> <!-- day2.External_Json -->
