<?xml version="1.0" encoding="UTF-8"?>
<!-- Generated by org.testng.reporters.JUnitReportReporter -->
<testsuite hostname="LAPTOP-SD3H4COP" failures="0" tests="3" name="day1_1.First_day" time="5.075" errors="0" timestamp="2023-07-26T14:46:52 IST" skipped="0">
  <testcase classname="day1_1.First_day" name="getdetails" time="2.511"/>
  <testcase classname="day1_1.First_day" name="putdetails" time="1.862"/>
  <testcase classname="day1_1.First_day" name="update" time="0.702"/>
</testsuite> <!-- day1_1.First_day -->
