<?xml version="1.0" encoding="UTF-8"?>
<!-- Generated by org.testng.reporters.JUnitReportReporter -->
<testsuite hostname="LAPTOP-SD3H4COP" failures="0" tests="1" name="day8.Create_User" time="3.209" errors="0" timestamp="2023-06-29T17:09:31 IST" skipped="0">
  <testcase classname="day8.Create_User" name="createuser" time="3.209"/>
</testsuite> <!-- day8.Create_User -->
