<?xml version="1.0" encoding="UTF-8"?>
<!-- Generated by org.testng.reporters.JUnitReportReporter -->
<testsuite hostname="LAPTOP-SD3H4COP" failures="0" tests="1" name="day4_4.Response_Body" time="1.339" errors="0" timestamp="2023-07-26T17:30:04 IST" skipped="0">
  <testcase classname="day4_4.Response_Body" name="data" time="1.339"/>
</testsuite> <!-- day4_4.Response_Body -->
